<?xml version="1.0" encoding="UTF-8"?>
<testsuite xmlns:xsi="http://www.w3.org/2001/XMLSchema-instance" xsi:noNamespaceSchemaLocation="https://maven.apache.org/surefire/maven-surefire-plugin/xsd/surefire-test-report.xsd" name="com.example.demo.generatedTests.ContractVerifierTest" time="7.166" tests="1" errors="1" skipped="0" failures="0">
  <properties>
    <property name="gopherProxySet" value="false"/>
    <property name="awt.toolkit" value="sun.lwawt.macosx.LWCToolkit"/>
    <property name="file.encoding.pkg" value="sun.io"/>
    <property name="java.specification.version" value="1.8"/>
    <property name="sun.cpu.isalist" value=""/>
    <property name="sun.jnu.encoding" value="UTF-8"/>
    <property name="java.class.path" value="/Users/arcioneo/Downloads/demo/target/test-classes:/Users/arcioneo/Downloads/demo/target/classes:/Users/arcioneo/.m2/repository/org/springframework/boot/spring-boot-devtools/2.4.4/spring-boot-devtools-2.4.4.jar:/Users/arcioneo/.m2/repository/org/springframework/boot/spring-boot/2.4.4/spring-boot-2.4.4.jar:/Users/arcioneo/.m2/repository/org/springframework/spring-context/5.3.5/spring-context-5.3.5.jar:/Users/arcioneo/.m2/repository/org/springframework/boot/spring-boot-autoconfigure/2.4.4/spring-boot-autoconfigure-2.4.4.jar:/Users/arcioneo/.m2/repository/org/springframework/boot/spring-boot-starter-web/2.4.4/spring-boot-starter-web-2.4.4.jar:/Users/arcioneo/.m2/repository/org/springframework/boot/spring-boot-starter/2.4.4/spring-boot-starter-2.4.4.jar:/Users/arcioneo/.m2/repository/org/springframework/boot/spring-boot-starter-logging/2.4.4/spring-boot-starter-logging-2.4.4.jar:/Users/arcioneo/.m2/repository/ch/qos/logback/logback-classic/1.2.3/logback-classic-1.2.3.jar:/Users/arcioneo/.m2/repository/ch/qos/logback/logback-core/1.2.3/logback-core-1.2.3.jar:/Users/arcioneo/.m2/repository/org/apache/logging/log4j/log4j-to-slf4j/2.13.3/log4j-to-slf4j-2.13.3.jar:/Users/arcioneo/.m2/repository/org/apache/logging/log4j/log4j-api/2.13.3/log4j-api-2.13.3.jar:/Users/arcioneo/.m2/repository/org/slf4j/jul-to-slf4j/1.7.30/jul-to-slf4j-1.7.30.jar:/Users/arcioneo/.m2/repository/jakarta/annotation/jakarta.annotation-api/1.3.5/jakarta.annotation-api-1.3.5.jar:/Users/arcioneo/.m2/repository/org/yaml/snakeyaml/1.27/snakeyaml-1.27.jar:/Users/arcioneo/.m2/repository/org/springframework/boot/spring-boot-starter-json/2.4.4/spring-boot-starter-json-2.4.4.jar:/Users/arcioneo/.m2/repository/com/fasterxml/jackson/core/jackson-databind/2.11.4/jackson-databind-2.11.4.jar:/Users/arcioneo/.m2/repository/com/fasterxml/jackson/core/jackson-annotations/2.11.4/jackson-annotations-2.11.4.jar:/Users/arcioneo/.m2/repository/com/fasterxml/jackson/core/jackson-core/2.11.4/jackson-core-2.11.4.jar:/Users/arcioneo/.m2/repository/com/fasterxml/jackson/datatype/jackson-datatype-jdk8/2.11.4/jackson-datatype-jdk8-2.11.4.jar:/Users/arcioneo/.m2/repository/com/fasterxml/jackson/datatype/jackson-datatype-jsr310/2.11.4/jackson-datatype-jsr310-2.11.4.jar:/Users/arcioneo/.m2/repository/com/fasterxml/jackson/module/jackson-module-parameter-names/2.11.4/jackson-module-parameter-names-2.11.4.jar:/Users/arcioneo/.m2/repository/org/springframework/boot/spring-boot-starter-tomcat/2.4.4/spring-boot-starter-tomcat-2.4.4.jar:/Users/arcioneo/.m2/repository/org/apache/tomcat/embed/tomcat-embed-core/9.0.44/tomcat-embed-core-9.0.44.jar:/Users/arcioneo/.m2/repository/org/glassfish/jakarta.el/3.0.3/jakarta.el-3.0.3.jar:/Users/arcioneo/.m2/repository/org/apache/tomcat/embed/tomcat-embed-websocket/9.0.44/tomcat-embed-websocket-9.0.44.jar:/Users/arcioneo/.m2/repository/org/springframework/spring-web/5.3.5/spring-web-5.3.5.jar:/Users/arcioneo/.m2/repository/org/springframework/spring-beans/5.3.5/spring-beans-5.3.5.jar:/Users/arcioneo/.m2/repository/org/springframework/spring-webmvc/5.3.5/spring-webmvc-5.3.5.jar:/Users/arcioneo/.m2/repository/org/springframework/spring-aop/5.3.5/spring-aop-5.3.5.jar:/Users/arcioneo/.m2/repository/org/springframework/spring-expression/5.3.5/spring-expression-5.3.5.jar:/Users/arcioneo/.m2/repository/org/springframework/boot/spring-boot-starter-test/2.4.4/spring-boot-starter-test-2.4.4.jar:/Users/arcioneo/.m2/repository/org/springframework/boot/spring-boot-test/2.4.4/spring-boot-test-2.4.4.jar:/Users/arcioneo/.m2/repository/org/springframework/boot/spring-boot-test-autoconfigure/2.4.4/spring-boot-test-autoconfigure-2.4.4.jar:/Users/arcioneo/.m2/repository/com/jayway/jsonpath/json-path/2.4.0/json-path-2.4.0.jar:/Users/arcioneo/.m2/repository/net/minidev/json-smart/2.3/json-smart-2.3.jar:/Users/arcioneo/.m2/repository/net/minidev/accessors-smart/1.2/accessors-smart-1.2.jar:/Users/arcioneo/.m2/repository/org/slf4j/slf4j-api/1.7.30/slf4j-api-1.7.30.jar:/Users/arcioneo/.m2/repository/jakarta/xml/bind/jakarta.xml.bind-api/2.3.3/jakarta.xml.bind-api-2.3.3.jar:/Users/arcioneo/.m2/repository/jakarta/activation/jakarta.activation-api/1.2.2/jakarta.activation-api-1.2.2.jar:/Users/arcioneo/.m2/repository/org/assertj/assertj-core/3.18.1/assertj-core-3.18.1.jar:/Users/arcioneo/.m2/repository/org/hamcrest/hamcrest/2.2/hamcrest-2.2.jar:/Users/arcioneo/.m2/repository/org/junit/jupiter/junit-jupiter/5.7.1/junit-jupiter-5.7.1.jar:/Users/arcioneo/.m2/repository/org/junit/jupiter/junit-jupiter-api/5.7.1/junit-jupiter-api-5.7.1.jar:/Users/arcioneo/.m2/repository/org/apiguardian/apiguardian-api/1.1.0/apiguardian-api-1.1.0.jar:/Users/arcioneo/.m2/repository/org/opentest4j/opentest4j/1.2.0/opentest4j-1.2.0.jar:/Users/arcioneo/.m2/repository/org/junit/platform/junit-platform-commons/1.7.1/junit-platform-commons-1.7.1.jar:/Users/arcioneo/.m2/repository/org/junit/jupiter/junit-jupiter-params/5.7.1/junit-jupiter-params-5.7.1.jar:/Users/arcioneo/.m2/repository/org/junit/jupiter/junit-jupiter-engine/5.7.1/junit-jupiter-engine-5.7.1.jar:/Users/arcioneo/.m2/repository/org/junit/platform/junit-platform-engine/1.7.1/junit-platform-engine-1.7.1.jar:/Users/arcioneo/.m2/repository/org/mockito/mockito-core/3.6.28/mockito-core-3.6.28.jar:/Users/arcioneo/.m2/repository/net/bytebuddy/byte-buddy/1.10.22/byte-buddy-1.10.22.jar:/Users/arcioneo/.m2/repository/net/bytebuddy/byte-buddy-agent/1.10.22/byte-buddy-agent-1.10.22.jar:/Users/arcioneo/.m2/repository/org/objenesis/objenesis/3.1/objenesis-3.1.jar:/Users/arcioneo/.m2/repository/org/mockito/mockito-junit-jupiter/3.6.28/mockito-junit-jupiter-3.6.28.jar:/Users/arcioneo/.m2/repository/org/skyscreamer/jsonassert/1.5.0/jsonassert-1.5.0.jar:/Users/arcioneo/.m2/repository/com/vaadin/external/google/android-json/0.0.20131108.vaadin1/android-json-0.0.20131108.vaadin1.jar:/Users/arcioneo/.m2/repository/org/springframework/spring-core/5.3.5/spring-core-5.3.5.jar:/Users/arcioneo/.m2/repository/org/springframework/spring-jcl/5.3.5/spring-jcl-5.3.5.jar:/Users/arcioneo/.m2/repository/org/springframework/spring-test/5.3.5/spring-test-5.3.5.jar:/Users/arcioneo/.m2/repository/org/xmlunit/xmlunit-core/2.7.0/xmlunit-core-2.7.0.jar:/Users/arcioneo/.m2/repository/org/springframework/cloud/spring-cloud-starter-contract-stub-runner/3.0.3/spring-cloud-starter-contract-stub-runner-3.0.3.jar:/Users/arcioneo/.m2/repository/org/springframework/cloud/spring-cloud-contract-stub-runner/3.0.3/spring-cloud-contract-stub-runner-3.0.3.jar:/Users/arcioneo/.m2/repository/org/springframework/cloud/spring-cloud-contract-shade/3.0.3/spring-cloud-contract-shade-3.0.3.jar:/Users/arcioneo/.m2/repository/org/springframework/cloud/spring-cloud-contract-converters/3.0.3/spring-cloud-contract-converters-3.0.3.jar:/Users/arcioneo/.m2/repository/org/springframework/cloud/spring-cloud-contract-spec/3.0.3/spring-cloud-contract-spec-3.0.3.jar:/Users/arcioneo/.m2/repository/org/springframework/cloud/spring-cloud-contract-spec-java/3.0.3/spring-cloud-contract-spec-java-3.0.3.jar:/Users/arcioneo/.m2/repository/dk/brics/automaton/automaton/1.11-8/automaton-1.11-8.jar:/Users/arcioneo/.m2/repository/org/springframework/cloud/spring-cloud-contract-spec-groovy/3.0.3/spring-cloud-contract-spec-groovy-3.0.3.jar:/Users/arcioneo/.m2/repository/org/eclipse/jgit/org.eclipse.jgit/5.1.3.201810200350-r/org.eclipse.jgit-5.1.3.201810200350-r.jar:/Users/arcioneo/.m2/repository/com/jcraft/jsch/0.1.55/jsch-0.1.55.jar:/Users/arcioneo/.m2/repository/com/jcraft/jzlib/1.1.1/jzlib-1.1.1.jar:/Users/arcioneo/.m2/repository/com/googlecode/javaewah/JavaEWAH/1.1.6/JavaEWAH-1.1.6.jar:/Users/arcioneo/.m2/repository/com/jcraft/jsch.agentproxy.sshagent/0.0.9/jsch.agentproxy.sshagent-0.0.9.jar:/Users/arcioneo/.m2/repository/com/jcraft/jsch.agentproxy.core/0.0.9/jsch.agentproxy.core-0.0.9.jar:/Users/arcioneo/.m2/repository/com/jcraft/jsch.agentproxy.jsch/0.0.9/jsch.agentproxy.jsch-0.0.9.jar:/Users/arcioneo/.m2/repository/com/jcraft/jsch.agentproxy.usocket-jna/0.0.9/jsch.agentproxy.usocket-jna-0.0.9.jar:/Users/arcioneo/.m2/repository/net/java/dev/jna/jna/4.1.0/jna-4.1.0.jar:/Users/arcioneo/.m2/repository/net/java/dev/jna/jna-platform/4.1.0/jna-platform-4.1.0.jar:/Users/arcioneo/.m2/repository/org/springframework/cloud/spring-cloud-contract-wiremock/3.0.3/spring-cloud-contract-wiremock-3.0.3.jar:/Users/arcioneo/.m2/repository/com/github/tomakehurst/wiremock-jre8-standalone/2.27.1/wiremock-jre8-standalone-2.27.1.jar:/Users/arcioneo/.m2/repository/org/apache/httpcomponents/httpclient/4.5.13/httpclient-4.5.13.jar:/Users/arcioneo/.m2/repository/org/apache/httpcomponents/httpcore/4.4.14/httpcore-4.4.14.jar:/Users/arcioneo/.m2/repository/commons-codec/commons-codec/1.15/commons-codec-1.15.jar:/Users/arcioneo/.m2/repository/org/apache/maven/resolver/maven-resolver-api/1.4.1/maven-resolver-api-1.4.1.jar:/Users/arcioneo/.m2/repository/org/springframework/cloud/spring-cloud-starter-contract-verifier/3.0.3/spring-cloud-starter-contract-verifier-3.0.3.jar:/Users/arcioneo/.m2/repository/org/springframework/cloud/spring-cloud-contract-verifier/3.0.3/spring-cloud-contract-verifier-3.0.3.jar:/Users/arcioneo/.m2/repository/org/apache/commons/commons-text/1.9/commons-text-1.9.jar:/Users/arcioneo/.m2/repository/org/apache/commons/commons-lang3/3.11/commons-lang3-3.11.jar:/Users/arcioneo/.m2/repository/javax/inject/javax.inject/1/javax.inject-1.jar:/Users/arcioneo/.m2/repository/com/rackspace/eclipse/webtools/sourceediting/org.eclipse.wst.xml.xpath2.processor/2.1.100/org.eclipse.wst.xml.xpath2.processor-2.1.100.jar:/Users/arcioneo/.m2/repository/edu/princeton/cup/java-cup/10k/java-cup-10k.jar:/Users/arcioneo/.m2/repository/com/ibm/icu/icu4j/4.6/icu4j-4.6.jar:/Users/arcioneo/.m2/repository/org/codehaus/groovy/groovy/2.5.14/groovy-2.5.14.jar:/Users/arcioneo/.m2/repository/org/codehaus/groovy/groovy-nio/2.5.14/groovy-nio-2.5.14.jar:/Users/arcioneo/.m2/repository/org/codehaus/groovy/groovy-json/2.5.14/groovy-json-2.5.14.jar:/Users/arcioneo/.m2/repository/org/codehaus/groovy/groovy-xml/2.5.14/groovy-xml-2.5.14.jar:/Users/arcioneo/.m2/repository/com/github/jknack/handlebars/4.2.0/handlebars-4.2.0.jar:/Users/arcioneo/.m2/repository/commons-beanutils/commons-beanutils/1.9.4/commons-beanutils-1.9.4.jar:/Users/arcioneo/.m2/repository/commons-logging/commons-logging/1.2/commons-logging-1.2.jar:/Users/arcioneo/.m2/repository/commons-collections/commons-collections/3.2.2/commons-collections-3.2.2.jar:/Users/arcioneo/.m2/repository/com/fasterxml/jackson/dataformat/jackson-dataformat-yaml/2.11.4/jackson-dataformat-yaml-2.11.4.jar:/Users/arcioneo/.m2/repository/net/javacrumbs/json-unit/json-unit-assertj/2.19.0/json-unit-assertj-2.19.0.jar:/Users/arcioneo/.m2/repository/net/javacrumbs/json-unit/json-unit-core/2.19.0/json-unit-core-2.19.0.jar:/Users/arcioneo/.m2/repository/net/javacrumbs/json-unit/json-unit-json-path/2.19.0/json-unit-json-path-2.19.0.jar:/Users/arcioneo/.m2/repository/org/springframework/cloud/spring-cloud-function-compiler/3.0.6.RELEASE/spring-cloud-function-compiler-3.0.6.RELEASE.jar:/Users/arcioneo/.m2/repository/io/projectreactor/reactor-core/3.4.4/reactor-core-3.4.4.jar:/Users/arcioneo/.m2/repository/org/reactivestreams/reactive-streams/1.0.3/reactive-streams-1.0.3.jar:/Users/arcioneo/.m2/repository/org/eclipse/jdt/core/compiler/ecj/4.4.2/ecj-4.4.2.jar:/Users/arcioneo/.m2/repository/io/rest-assured/rest-assured/3.3.0/rest-assured-3.3.0.jar:/Users/arcioneo/.m2/repository/org/apache/httpcomponents/httpmime/4.5.13/httpmime-4.5.13.jar:/Users/arcioneo/.m2/repository/org/hamcrest/hamcrest-library/2.2/hamcrest-library-2.2.jar:/Users/arcioneo/.m2/repository/org/ccil/cowan/tagsoup/tagsoup/1.2.1/tagsoup-1.2.1.jar:/Users/arcioneo/.m2/repository/io/rest-assured/json-path/3.3.0/json-path-3.3.0.jar:/Users/arcioneo/.m2/repository/io/rest-assured/rest-assured-common/3.3.0/rest-assured-common-3.3.0.jar:/Users/arcioneo/.m2/repository/io/rest-assured/xml-path/3.3.0/xml-path-3.3.0.jar:/Users/arcioneo/.m2/repository/javax/xml/bind/jaxb-api/2.3.1/jaxb-api-2.3.1.jar:/Users/arcioneo/.m2/repository/javax/activation/javax.activation-api/1.2.0/javax.activation-api-1.2.0.jar:/Users/arcioneo/.m2/repository/org/apache/sling/org.apache.sling.javax.activation/0.1.0/org.apache.sling.javax.activation-0.1.0.jar:/Users/arcioneo/.m2/repository/javax/activation/activation/1.1.1/activation-1.1.1.jar:/Users/arcioneo/.m2/repository/io/rest-assured/spring-mock-mvc/3.3.0/spring-mock-mvc-3.3.0.jar:/Users/arcioneo/.m2/repository/io/rest-assured/spring-commons/3.3.0/spring-commons-3.3.0.jar:/Users/arcioneo/.m2/repository/com/toomuchcoding/jsonassert/jsonassert/0.6.0/jsonassert-0.6.0.jar:/Users/arcioneo/.m2/repository/cglib/cglib/3.2.11/cglib-3.2.11.jar:/Users/arcioneo/.m2/repository/org/ow2/asm/asm/7.1/asm-7.1.jar:/Users/arcioneo/.m2/repository/junit/junit/4.13.2/junit-4.13.2.jar:/Users/arcioneo/.m2/repository/org/hamcrest/hamcrest-core/2.2/hamcrest-core-2.2.jar:/Users/arcioneo/.m2/repository/org/projectlombok/lombok/1.18.18/lombok-1.18.18.jar:"/>
    <property name="java.vm.vendor" value="Oracle Corporation"/>
    <property name="sun.arch.data.model" value="64"/>
    <property name="java.vendor.url" value="http://java.oracle.com/"/>
    <property name="user.timezone" value=""/>
    <property name="java.vm.specification.version" value="1.8"/>
    <property name="os.name" value="Mac OS X"/>
    <property name="user.country" value="MX"/>
    <property name="sun.java.launcher" value="SUN_STANDARD"/>
    <property name="sun.boot.library.path" value="/Library/Java/JavaVirtualMachines/jdk1.8.0_301.jdk/Contents/Home/jre/lib"/>
    <property name="sun.java.command" value="/Users/arcioneo/Downloads/demo/target/surefire/surefirebooter107575137149267466.jar /Users/arcioneo/Downloads/demo/target/surefire 2021-09-01T20-06-24_637-jvmRun1 surefire2622507694855053777tmp surefire_03460668211429367580tmp"/>
    <property name="http.nonProxyHosts" value="local|*.local|169.254/16|*.169.254/16"/>
    <property name="surefire.test.class.path" value="/Users/arcioneo/Downloads/demo/target/test-classes:/Users/arcioneo/Downloads/demo/target/classes:/Users/arcioneo/.m2/repository/org/springframework/boot/spring-boot-devtools/2.4.4/spring-boot-devtools-2.4.4.jar:/Users/arcioneo/.m2/repository/org/springframework/boot/spring-boot/2.4.4/spring-boot-2.4.4.jar:/Users/arcioneo/.m2/repository/org/springframework/spring-context/5.3.5/spring-context-5.3.5.jar:/Users/arcioneo/.m2/repository/org/springframework/boot/spring-boot-autoconfigure/2.4.4/spring-boot-autoconfigure-2.4.4.jar:/Users/arcioneo/.m2/repository/org/springframework/boot/spring-boot-starter-web/2.4.4/spring-boot-starter-web-2.4.4.jar:/Users/arcioneo/.m2/repository/org/springframework/boot/spring-boot-starter/2.4.4/spring-boot-starter-2.4.4.jar:/Users/arcioneo/.m2/repository/org/springframework/boot/spring-boot-starter-logging/2.4.4/spring-boot-starter-logging-2.4.4.jar:/Users/arcioneo/.m2/repository/ch/qos/logback/logback-classic/1.2.3/logback-classic-1.2.3.jar:/Users/arcioneo/.m2/repository/ch/qos/logback/logback-core/1.2.3/logback-core-1.2.3.jar:/Users/arcioneo/.m2/repository/org/apache/logging/log4j/log4j-to-slf4j/2.13.3/log4j-to-slf4j-2.13.3.jar:/Users/arcioneo/.m2/repository/org/apache/logging/log4j/log4j-api/2.13.3/log4j-api-2.13.3.jar:/Users/arcioneo/.m2/repository/org/slf4j/jul-to-slf4j/1.7.30/jul-to-slf4j-1.7.30.jar:/Users/arcioneo/.m2/repository/jakarta/annotation/jakarta.annotation-api/1.3.5/jakarta.annotation-api-1.3.5.jar:/Users/arcioneo/.m2/repository/org/yaml/snakeyaml/1.27/snakeyaml-1.27.jar:/Users/arcioneo/.m2/repository/org/springframework/boot/spring-boot-starter-json/2.4.4/spring-boot-starter-json-2.4.4.jar:/Users/arcioneo/.m2/repository/com/fasterxml/jackson/core/jackson-databind/2.11.4/jackson-databind-2.11.4.jar:/Users/arcioneo/.m2/repository/com/fasterxml/jackson/core/jackson-annotations/2.11.4/jackson-annotations-2.11.4.jar:/Users/arcioneo/.m2/repository/com/fasterxml/jackson/core/jackson-core/2.11.4/jackson-core-2.11.4.jar:/Users/arcioneo/.m2/repository/com/fasterxml/jackson/datatype/jackson-datatype-jdk8/2.11.4/jackson-datatype-jdk8-2.11.4.jar:/Users/arcioneo/.m2/repository/com/fasterxml/jackson/datatype/jackson-datatype-jsr310/2.11.4/jackson-datatype-jsr310-2.11.4.jar:/Users/arcioneo/.m2/repository/com/fasterxml/jackson/module/jackson-module-parameter-names/2.11.4/jackson-module-parameter-names-2.11.4.jar:/Users/arcioneo/.m2/repository/org/springframework/boot/spring-boot-starter-tomcat/2.4.4/spring-boot-starter-tomcat-2.4.4.jar:/Users/arcioneo/.m2/repository/org/apache/tomcat/embed/tomcat-embed-core/9.0.44/tomcat-embed-core-9.0.44.jar:/Users/arcioneo/.m2/repository/org/glassfish/jakarta.el/3.0.3/jakarta.el-3.0.3.jar:/Users/arcioneo/.m2/repository/org/apache/tomcat/embed/tomcat-embed-websocket/9.0.44/tomcat-embed-websocket-9.0.44.jar:/Users/arcioneo/.m2/repository/org/springframework/spring-web/5.3.5/spring-web-5.3.5.jar:/Users/arcioneo/.m2/repository/org/springframework/spring-beans/5.3.5/spring-beans-5.3.5.jar:/Users/arcioneo/.m2/repository/org/springframework/spring-webmvc/5.3.5/spring-webmvc-5.3.5.jar:/Users/arcioneo/.m2/repository/org/springframework/spring-aop/5.3.5/spring-aop-5.3.5.jar:/Users/arcioneo/.m2/repository/org/springframework/spring-expression/5.3.5/spring-expression-5.3.5.jar:/Users/arcioneo/.m2/repository/org/springframework/boot/spring-boot-starter-test/2.4.4/spring-boot-starter-test-2.4.4.jar:/Users/arcioneo/.m2/repository/org/springframework/boot/spring-boot-test/2.4.4/spring-boot-test-2.4.4.jar:/Users/arcioneo/.m2/repository/org/springframework/boot/spring-boot-test-autoconfigure/2.4.4/spring-boot-test-autoconfigure-2.4.4.jar:/Users/arcioneo/.m2/repository/com/jayway/jsonpath/json-path/2.4.0/json-path-2.4.0.jar:/Users/arcioneo/.m2/repository/net/minidev/json-smart/2.3/json-smart-2.3.jar:/Users/arcioneo/.m2/repository/net/minidev/accessors-smart/1.2/accessors-smart-1.2.jar:/Users/arcioneo/.m2/repository/org/slf4j/slf4j-api/1.7.30/slf4j-api-1.7.30.jar:/Users/arcioneo/.m2/repository/jakarta/xml/bind/jakarta.xml.bind-api/2.3.3/jakarta.xml.bind-api-2.3.3.jar:/Users/arcioneo/.m2/repository/jakarta/activation/jakarta.activation-api/1.2.2/jakarta.activation-api-1.2.2.jar:/Users/arcioneo/.m2/repository/org/assertj/assertj-core/3.18.1/assertj-core-3.18.1.jar:/Users/arcioneo/.m2/repository/org/hamcrest/hamcrest/2.2/hamcrest-2.2.jar:/Users/arcioneo/.m2/repository/org/junit/jupiter/junit-jupiter/5.7.1/junit-jupiter-5.7.1.jar:/Users/arcioneo/.m2/repository/org/junit/jupiter/junit-jupiter-api/5.7.1/junit-jupiter-api-5.7.1.jar:/Users/arcioneo/.m2/repository/org/apiguardian/apiguardian-api/1.1.0/apiguardian-api-1.1.0.jar:/Users/arcioneo/.m2/repository/org/opentest4j/opentest4j/1.2.0/opentest4j-1.2.0.jar:/Users/arcioneo/.m2/repository/org/junit/platform/junit-platform-commons/1.7.1/junit-platform-commons-1.7.1.jar:/Users/arcioneo/.m2/repository/org/junit/jupiter/junit-jupiter-params/5.7.1/junit-jupiter-params-5.7.1.jar:/Users/arcioneo/.m2/repository/org/junit/jupiter/junit-jupiter-engine/5.7.1/junit-jupiter-engine-5.7.1.jar:/Users/arcioneo/.m2/repository/org/junit/platform/junit-platform-engine/1.7.1/junit-platform-engine-1.7.1.jar:/Users/arcioneo/.m2/repository/org/mockito/mockito-core/3.6.28/mockito-core-3.6.28.jar:/Users/arcioneo/.m2/repository/net/bytebuddy/byte-buddy/1.10.22/byte-buddy-1.10.22.jar:/Users/arcioneo/.m2/repository/net/bytebuddy/byte-buddy-agent/1.10.22/byte-buddy-agent-1.10.22.jar:/Users/arcioneo/.m2/repository/org/objenesis/objenesis/3.1/objenesis-3.1.jar:/Users/arcioneo/.m2/repository/org/mockito/mockito-junit-jupiter/3.6.28/mockito-junit-jupiter-3.6.28.jar:/Users/arcioneo/.m2/repository/org/skyscreamer/jsonassert/1.5.0/jsonassert-1.5.0.jar:/Users/arcioneo/.m2/repository/com/vaadin/external/google/android-json/0.0.20131108.vaadin1/android-json-0.0.20131108.vaadin1.jar:/Users/arcioneo/.m2/repository/org/springframework/spring-core/5.3.5/spring-core-5.3.5.jar:/Users/arcioneo/.m2/repository/org/springframework/spring-jcl/5.3.5/spring-jcl-5.3.5.jar:/Users/arcioneo/.m2/repository/org/springframework/spring-test/5.3.5/spring-test-5.3.5.jar:/Users/arcioneo/.m2/repository/org/xmlunit/xmlunit-core/2.7.0/xmlunit-core-2.7.0.jar:/Users/arcioneo/.m2/repository/org/springframework/cloud/spring-cloud-starter-contract-stub-runner/3.0.3/spring-cloud-starter-contract-stub-runner-3.0.3.jar:/Users/arcioneo/.m2/repository/org/springframework/cloud/spring-cloud-contract-stub-runner/3.0.3/spring-cloud-contract-stub-runner-3.0.3.jar:/Users/arcioneo/.m2/repository/org/springframework/cloud/spring-cloud-contract-shade/3.0.3/spring-cloud-contract-shade-3.0.3.jar:/Users/arcioneo/.m2/repository/org/springframework/cloud/spring-cloud-contract-converters/3.0.3/spring-cloud-contract-converters-3.0.3.jar:/Users/arcioneo/.m2/repository/org/springframework/cloud/spring-cloud-contract-spec/3.0.3/spring-cloud-contract-spec-3.0.3.jar:/Users/arcioneo/.m2/repository/org/springframework/cloud/spring-cloud-contract-spec-java/3.0.3/spring-cloud-contract-spec-java-3.0.3.jar:/Users/arcioneo/.m2/repository/dk/brics/automaton/automaton/1.11-8/automaton-1.11-8.jar:/Users/arcioneo/.m2/repository/org/springframework/cloud/spring-cloud-contract-spec-groovy/3.0.3/spring-cloud-contract-spec-groovy-3.0.3.jar:/Users/arcioneo/.m2/repository/org/eclipse/jgit/org.eclipse.jgit/5.1.3.201810200350-r/org.eclipse.jgit-5.1.3.201810200350-r.jar:/Users/arcioneo/.m2/repository/com/jcraft/jsch/0.1.55/jsch-0.1.55.jar:/Users/arcioneo/.m2/repository/com/jcraft/jzlib/1.1.1/jzlib-1.1.1.jar:/Users/arcioneo/.m2/repository/com/googlecode/javaewah/JavaEWAH/1.1.6/JavaEWAH-1.1.6.jar:/Users/arcioneo/.m2/repository/com/jcraft/jsch.agentproxy.sshagent/0.0.9/jsch.agentproxy.sshagent-0.0.9.jar:/Users/arcioneo/.m2/repository/com/jcraft/jsch.agentproxy.core/0.0.9/jsch.agentproxy.core-0.0.9.jar:/Users/arcioneo/.m2/repository/com/jcraft/jsch.agentproxy.jsch/0.0.9/jsch.agentproxy.jsch-0.0.9.jar:/Users/arcioneo/.m2/repository/com/jcraft/jsch.agentproxy.usocket-jna/0.0.9/jsch.agentproxy.usocket-jna-0.0.9.jar:/Users/arcioneo/.m2/repository/net/java/dev/jna/jna/4.1.0/jna-4.1.0.jar:/Users/arcioneo/.m2/repository/net/java/dev/jna/jna-platform/4.1.0/jna-platform-4.1.0.jar:/Users/arcioneo/.m2/repository/org/springframework/cloud/spring-cloud-contract-wiremock/3.0.3/spring-cloud-contract-wiremock-3.0.3.jar:/Users/arcioneo/.m2/repository/com/github/tomakehurst/wiremock-jre8-standalone/2.27.1/wiremock-jre8-standalone-2.27.1.jar:/Users/arcioneo/.m2/repository/org/apache/httpcomponents/httpclient/4.5.13/httpclient-4.5.13.jar:/Users/arcioneo/.m2/repository/org/apache/httpcomponents/httpcore/4.4.14/httpcore-4.4.14.jar:/Users/arcioneo/.m2/repository/commons-codec/commons-codec/1.15/commons-codec-1.15.jar:/Users/arcioneo/.m2/repository/org/apache/maven/resolver/maven-resolver-api/1.4.1/maven-resolver-api-1.4.1.jar:/Users/arcioneo/.m2/repository/org/springframework/cloud/spring-cloud-starter-contract-verifier/3.0.3/spring-cloud-starter-contract-verifier-3.0.3.jar:/Users/arcioneo/.m2/repository/org/springframework/cloud/spring-cloud-contract-verifier/3.0.3/spring-cloud-contract-verifier-3.0.3.jar:/Users/arcioneo/.m2/repository/org/apache/commons/commons-text/1.9/commons-text-1.9.jar:/Users/arcioneo/.m2/repository/org/apache/commons/commons-lang3/3.11/commons-lang3-3.11.jar:/Users/arcioneo/.m2/repository/javax/inject/javax.inject/1/javax.inject-1.jar:/Users/arcioneo/.m2/repository/com/rackspace/eclipse/webtools/sourceediting/org.eclipse.wst.xml.xpath2.processor/2.1.100/org.eclipse.wst.xml.xpath2.processor-2.1.100.jar:/Users/arcioneo/.m2/repository/edu/princeton/cup/java-cup/10k/java-cup-10k.jar:/Users/arcioneo/.m2/repository/com/ibm/icu/icu4j/4.6/icu4j-4.6.jar:/Users/arcioneo/.m2/repository/org/codehaus/groovy/groovy/2.5.14/groovy-2.5.14.jar:/Users/arcioneo/.m2/repository/org/codehaus/groovy/groovy-nio/2.5.14/groovy-nio-2.5.14.jar:/Users/arcioneo/.m2/repository/org/codehaus/groovy/groovy-json/2.5.14/groovy-json-2.5.14.jar:/Users/arcioneo/.m2/repository/org/codehaus/groovy/groovy-xml/2.5.14/groovy-xml-2.5.14.jar:/Users/arcioneo/.m2/repository/com/github/jknack/handlebars/4.2.0/handlebars-4.2.0.jar:/Users/arcioneo/.m2/repository/commons-beanutils/commons-beanutils/1.9.4/commons-beanutils-1.9.4.jar:/Users/arcioneo/.m2/repository/commons-logging/commons-logging/1.2/commons-logging-1.2.jar:/Users/arcioneo/.m2/repository/commons-collections/commons-collections/3.2.2/commons-collections-3.2.2.jar:/Users/arcioneo/.m2/repository/com/fasterxml/jackson/dataformat/jackson-dataformat-yaml/2.11.4/jackson-dataformat-yaml-2.11.4.jar:/Users/arcioneo/.m2/repository/net/javacrumbs/json-unit/json-unit-assertj/2.19.0/json-unit-assertj-2.19.0.jar:/Users/arcioneo/.m2/repository/net/javacrumbs/json-unit/json-unit-core/2.19.0/json-unit-core-2.19.0.jar:/Users/arcioneo/.m2/repository/net/javacrumbs/json-unit/json-unit-json-path/2.19.0/json-unit-json-path-2.19.0.jar:/Users/arcioneo/.m2/repository/org/springframework/cloud/spring-cloud-function-compiler/3.0.6.RELEASE/spring-cloud-function-compiler-3.0.6.RELEASE.jar:/Users/arcioneo/.m2/repository/io/projectreactor/reactor-core/3.4.4/reactor-core-3.4.4.jar:/Users/arcioneo/.m2/repository/org/reactivestreams/reactive-streams/1.0.3/reactive-streams-1.0.3.jar:/Users/arcioneo/.m2/repository/org/eclipse/jdt/core/compiler/ecj/4.4.2/ecj-4.4.2.jar:/Users/arcioneo/.m2/repository/io/rest-assured/rest-assured/3.3.0/rest-assured-3.3.0.jar:/Users/arcioneo/.m2/repository/org/apache/httpcomponents/httpmime/4.5.13/httpmime-4.5.13.jar:/Users/arcioneo/.m2/repository/org/hamcrest/hamcrest-library/2.2/hamcrest-library-2.2.jar:/Users/arcioneo/.m2/repository/org/ccil/cowan/tagsoup/tagsoup/1.2.1/tagsoup-1.2.1.jar:/Users/arcioneo/.m2/repository/io/rest-assured/json-path/3.3.0/json-path-3.3.0.jar:/Users/arcioneo/.m2/repository/io/rest-assured/rest-assured-common/3.3.0/rest-assured-common-3.3.0.jar:/Users/arcioneo/.m2/repository/io/rest-assured/xml-path/3.3.0/xml-path-3.3.0.jar:/Users/arcioneo/.m2/repository/javax/xml/bind/jaxb-api/2.3.1/jaxb-api-2.3.1.jar:/Users/arcioneo/.m2/repository/javax/activation/javax.activation-api/1.2.0/javax.activation-api-1.2.0.jar:/Users/arcioneo/.m2/repository/org/apache/sling/org.apache.sling.javax.activation/0.1.0/org.apache.sling.javax.activation-0.1.0.jar:/Users/arcioneo/.m2/repository/javax/activation/activation/1.1.1/activation-1.1.1.jar:/Users/arcioneo/.m2/repository/io/rest-assured/spring-mock-mvc/3.3.0/spring-mock-mvc-3.3.0.jar:/Users/arcioneo/.m2/repository/io/rest-assured/spring-commons/3.3.0/spring-commons-3.3.0.jar:/Users/arcioneo/.m2/repository/com/toomuchcoding/jsonassert/jsonassert/0.6.0/jsonassert-0.6.0.jar:/Users/arcioneo/.m2/repository/cglib/cglib/3.2.11/cglib-3.2.11.jar:/Users/arcioneo/.m2/repository/org/ow2/asm/asm/7.1/asm-7.1.jar:/Users/arcioneo/.m2/repository/junit/junit/4.13.2/junit-4.13.2.jar:/Users/arcioneo/.m2/repository/org/hamcrest/hamcrest-core/2.2/hamcrest-core-2.2.jar:/Users/arcioneo/.m2/repository/org/projectlombok/lombok/1.18.18/lombok-1.18.18.jar:"/>
    <property name="sun.cpu.endian" value="little"/>
    <property name="user.home" value="/Users/arcioneo"/>
    <property name="user.language" value="en"/>
    <property name="java.specification.vendor" value="Oracle Corporation"/>
    <property name="java.home" value="/Library/Java/JavaVirtualMachines/jdk1.8.0_301.jdk/Contents/Home/jre"/>
    <property name="basedir" value="/Users/arcioneo/Downloads/demo"/>
    <property name="file.separator" value="/"/>
    <property name="line.separator" value="&#10;"/>
    <property name="java.vm.specification.vendor" value="Oracle Corporation"/>
    <property name="java.specification.name" value="Java Platform API Specification"/>
    <property name="java.awt.graphicsenv" value="sun.awt.CGraphicsEnvironment"/>
    <property name="surefire.real.class.path" value="/Users/arcioneo/Downloads/demo/target/surefire/surefirebooter107575137149267466.jar"/>
    <property name="sun.boot.class.path" value="/Library/Java/JavaVirtualMachines/jdk1.8.0_301.jdk/Contents/Home/jre/lib/resources.jar:/Library/Java/JavaVirtualMachines/jdk1.8.0_301.jdk/Contents/Home/jre/lib/rt.jar:/Library/Java/JavaVirtualMachines/jdk1.8.0_301.jdk/Contents/Home/jre/lib/sunrsasign.jar:/Library/Java/JavaVirtualMachines/jdk1.8.0_301.jdk/Contents/Home/jre/lib/jsse.jar:/Library/Java/JavaVirtualMachines/jdk1.8.0_301.jdk/Contents/Home/jre/lib/jce.jar:/Library/Java/JavaVirtualMachines/jdk1.8.0_301.jdk/Contents/Home/jre/lib/charsets.jar:/Library/Java/JavaVirtualMachines/jdk1.8.0_301.jdk/Contents/Home/jre/lib/jfr.jar:/Library/Java/JavaVirtualMachines/jdk1.8.0_301.jdk/Contents/Home/jre/classes"/>
    <property name="sun.management.compiler" value="HotSpot 64-Bit Tiered Compilers"/>
    <property name="ftp.nonProxyHosts" value="local|*.local|169.254/16|*.169.254/16"/>
    <property name="java.runtime.version" value="1.8.0_301-b09"/>
    <property name="user.name" value="arcioneo"/>
    <property name="path.separator" value=":"/>
    <property name="os.version" value="10.16"/>
    <property name="java.endorsed.dirs" value="/Library/Java/JavaVirtualMachines/jdk1.8.0_301.jdk/Contents/Home/jre/lib/endorsed"/>
    <property name="java.runtime.name" value="Java(TM) SE Runtime Environment"/>
    <property name="file.encoding" value="UTF-8"/>
    <property name="java.vm.name" value="Java HotSpot(TM) 64-Bit Server VM"/>
    <property name="localRepository" value="/Users/arcioneo/.m2/repository"/>
    <property name="java.vendor.url.bug" value="http://bugreport.sun.com/bugreport/"/>
    <property name="java.io.tmpdir" value="/var/folders/1j/19tr_wk16s79qh_0_8mz092c0000gn/T/"/>
    <property name="idea.version" value="2021.2.1"/>
    <property name="java.version" value="1.8.0_301"/>
    <property name="user.dir" value="/Users/arcioneo/Downloads/demo"/>
    <property name="os.arch" value="x86_64"/>
    <property name="java.vm.specification.name" value="Java Virtual Machine Specification"/>
    <property name="java.awt.printerjob" value="sun.lwawt.macosx.CPrinterJob"/>
    <property name="sun.os.patch.level" value="unknown"/>
    <property name="java.library.path" value="/Users/arcioneo/Library/Java/Extensions:/Library/Java/Extensions:/Network/Library/Java/Extensions:/System/Library/Java/Extensions:/usr/lib/java:."/>
    <property name="java.vm.info" value="mixed mode"/>
    <property name="java.vendor" value="Oracle Corporation"/>
    <property name="java.vm.version" value="25.301-b09"/>
    <property name="java.ext.dirs" value="/Users/arcioneo/Library/Java/Extensions:/Library/Java/JavaVirtualMachines/jdk1.8.0_301.jdk/Contents/Home/jre/lib/ext:/Library/Java/Extensions:/Network/Library/Java/Extensions:/System/Library/Java/Extensions:/usr/lib/java"/>
    <property name="sun.io.unicode.encoding" value="UnicodeBig"/>
    <property name="java.class.version" value="52.0"/>
    <property name="socksNonProxyHosts" value="local|*.local|169.254/16|*.169.254/16"/>
  </properties>
  <testcase name="validate_shouldSayHello" classname="com.example.demo.generatedTests.ContractVerifierTest" time="2.538">
    <error message="Connection refused (Connection refused)" type="java.net.ConnectException">java.net.ConnectException: Connection refused (Connection refused)
	at com.example.demo.generatedTests.ContractVerifierTest.validate_shouldSayHello(ContractVerifierTest.java:27)
</error>
    <system-out><![CDATA[20:06:25.849 [main] DEBUG org.springframework.test.context.BootstrapUtils - Instantiating CacheAwareContextLoaderDelegate from class [org.springframework.test.context.cache.DefaultCacheAwareContextLoaderDelegate]
20:06:25.860 [main] DEBUG org.springframework.test.context.BootstrapUtils - Instantiating BootstrapContext using constructor [public org.springframework.test.context.support.DefaultBootstrapContext(java.lang.Class,org.springframework.test.context.CacheAwareContextLoaderDelegate)]
20:06:25.915 [main] DEBUG org.springframework.test.context.BootstrapUtils - Instantiating TestContextBootstrapper for test class [com.example.demo.generatedTests.ContractVerifierTest] from class [org.springframework.boot.test.context.SpringBootTestContextBootstrapper]
20:06:25.928 [main] INFO org.springframework.boot.test.context.SpringBootTestContextBootstrapper - Neither @ContextConfiguration nor @ContextHierarchy found for test class [com.example.demo.generatedTests.ContractVerifierTest], using SpringBootContextLoader
20:06:25.931 [main] DEBUG org.springframework.test.context.support.AbstractContextLoader - Did not detect default resource location for test class [com.example.demo.generatedTests.ContractVerifierTest]: class path resource [com/example/demo/generatedTests/ContractVerifierTest-context.xml] does not exist
20:06:25.932 [main] DEBUG org.springframework.test.context.support.AbstractContextLoader - Did not detect default resource location for test class [com.example.demo.generatedTests.ContractVerifierTest]: class path resource [com/example/demo/generatedTests/ContractVerifierTestContext.groovy] does not exist
20:06:25.932 [main] INFO org.springframework.test.context.support.AbstractContextLoader - Could not detect default resource locations for test class [com.example.demo.generatedTests.ContractVerifierTest]: no resource found for suffixes {-context.xml, Context.groovy}.
20:06:25.994 [main] DEBUG org.springframework.test.context.support.ActiveProfilesUtils - Could not find an 'annotation declaring class' for annotation type [org.springframework.test.context.ActiveProfiles] and class [com.example.demo.generatedTests.ContractVerifierTest]
20:06:26.117 [main] DEBUG org.springframework.boot.test.context.SpringBootTestContextBootstrapper - @TestExecutionListeners is not present for class [com.example.demo.generatedTests.ContractVerifierTest]: using defaults.
20:06:26.117 [main] INFO org.springframework.boot.test.context.SpringBootTestContextBootstrapper - Loaded default TestExecutionListener class names from location [META-INF/spring.factories]: [org.springframework.boot.test.mock.mockito.MockitoTestExecutionListener, org.springframework.boot.test.mock.mockito.ResetMocksTestExecutionListener, org.springframework.boot.test.autoconfigure.restdocs.RestDocsTestExecutionListener, org.springframework.boot.test.autoconfigure.web.client.MockRestServiceServerResetTestExecutionListener, org.springframework.boot.test.autoconfigure.web.servlet.MockMvcPrintOnlyOnFailureTestExecutionListener, org.springframework.boot.test.autoconfigure.web.servlet.WebDriverTestExecutionListener, org.springframework.boot.test.autoconfigure.webservices.client.MockWebServiceServerTestExecutionListener, org.springframework.test.context.web.ServletTestExecutionListener, org.springframework.test.context.support.DirtiesContextBeforeModesTestExecutionListener, org.springframework.test.context.event.ApplicationEventsTestExecutionListener, org.springframework.test.context.support.DependencyInjectionTestExecutionListener, org.springframework.test.context.support.DirtiesContextTestExecutionListener, org.springframework.test.context.transaction.TransactionalTestExecutionListener, org.springframework.test.context.jdbc.SqlScriptsTestExecutionListener, org.springframework.test.context.event.EventPublishingTestExecutionListener, org.springframework.cloud.contract.stubrunner.provider.wiremock.StubRunnerWireMockTestExecutionListener, org.springframework.cloud.contract.wiremock.WireMockTestExecutionListener]
20:06:26.128 [main] DEBUG org.springframework.boot.test.context.SpringBootTestContextBootstrapper - Skipping candidate TestExecutionListener [org.springframework.test.context.transaction.TransactionalTestExecutionListener] due to a missing dependency. Specify custom listener classes or make the default listener classes and their required dependencies available. Offending class: [org/springframework/transaction/TransactionDefinition]
20:06:26.129 [main] DEBUG org.springframework.boot.test.context.SpringBootTestContextBootstrapper - Skipping candidate TestExecutionListener [org.springframework.test.context.jdbc.SqlScriptsTestExecutionListener] due to a missing dependency. Specify custom listener classes or make the default listener classes and their required dependencies available. Offending class: [org/springframework/transaction/interceptor/TransactionAttribute]
20:06:26.129 [main] INFO org.springframework.boot.test.context.SpringBootTestContextBootstrapper - Using TestExecutionListeners: [org.springframework.test.context.web.ServletTestExecutionListener@54a7079e, org.springframework.test.context.support.DirtiesContextBeforeModesTestExecutionListener@26e356f0, org.springframework.test.context.event.ApplicationEventsTestExecutionListener@47d9a273, org.springframework.boot.test.mock.mockito.MockitoTestExecutionListener@4b8ee4de, org.springframework.boot.test.autoconfigure.SpringBootDependencyInjectionTestExecutionListener@27f981c6, org.springframework.test.context.support.DirtiesContextTestExecutionListener@1b11171f, org.springframework.test.context.event.EventPublishingTestExecutionListener@1151e434, org.springframework.boot.test.mock.mockito.ResetMocksTestExecutionListener@2dc54ad4, org.springframework.boot.test.autoconfigure.restdocs.RestDocsTestExecutionListener@4659191b, org.springframework.boot.test.autoconfigure.web.client.MockRestServiceServerResetTestExecutionListener@55634720, org.springframework.boot.test.autoconfigure.web.servlet.MockMvcPrintOnlyOnFailureTestExecutionListener@4b0d79fc, org.springframework.boot.test.autoconfigure.web.servlet.WebDriverTestExecutionListener@4c1909a3, org.springframework.boot.test.autoconfigure.webservices.client.MockWebServiceServerTestExecutionListener@428640fa, org.springframework.cloud.contract.stubrunner.provider.wiremock.StubRunnerWireMockTestExecutionListener@d9345cd, org.springframework.cloud.contract.wiremock.WireMockTestExecutionListener@2d710f1a]
20:06:26.168 [main] DEBUG org.springframework.test.context.support.AbstractDirtiesContextTestExecutionListener - Before test class: context [DefaultTestContext@771a660 testClass = ContractVerifierTest, testInstance = [null], testMethod = [null], testException = [null], mergedContextConfiguration = [WebMergedContextConfiguration@2d52216b testClass = ContractVerifierTest, locations = '{}', classes = '{class com.example.demo.DemoApplication}', contextInitializerClasses = '[]', activeProfiles = '{}', propertySourceLocations = '{}', propertySourceProperties = '{org.springframework.boot.test.context.SpringBootTestContextBootstrapper=true}', contextCustomizers = set[org.springframework.boot.test.context.filter.ExcludeFilterContextCustomizer@1ea9f6af, org.springframework.boot.test.json.DuplicateJsonObjectContextCustomizerFactory$DuplicateJsonObjectContextCustomizer@7193666c, org.springframework.boot.test.mock.mockito.MockitoContextCustomizer@0, org.springframework.boot.test.web.client.TestRestTemplateContextCustomizer@1d9b7cce, org.springframework.boot.test.autoconfigure.actuate.metrics.MetricsExportContextCustomizerFactory$DisableMetricExportContextCustomizer@1a451d4d, org.springframework.boot.test.autoconfigure.properties.PropertyMappingContextCustomizer@0, org.springframework.boot.test.autoconfigure.web.servlet.WebDriverContextCustomizerFactory$Customizer@a514af7, org.springframework.boot.test.context.SpringBootTestArgs@1, org.springframework.boot.test.context.SpringBootTestWebEnvironment@4c70fda8], resourceBasePath = 'src/main/webapp', contextLoader = 'org.springframework.boot.test.context.SpringBootContextLoader', parent = [null]], attributes = map['org.springframework.test.context.web.ServletTestExecutionListener.activateListener' -> false]], class annotated with @DirtiesContext [false] with mode [null].
20:06:26.237 [main] DEBUG org.springframework.test.context.support.TestPropertySourceUtils - Adding inlined properties to environment: {spring.jmx.enabled=false, org.springframework.boot.test.context.SpringBootTestContextBootstrapper=true}

  .   ____          _            __ _ _
 /\\ / ___'_ __ _ _(_)_ __  __ _ \ \ \ \
( ( )\___ | '_ | '_| | '_ \/ _` | \ \ \ \
 \\/  ___)| |_)| | | | | || (_| |  ) ) ) )
  '  |____| .__|_| |_|_| |_\__, | / / / /
 =========|_|==============|___/=/_/_/_/
 :: Spring Boot ::                (v2.4.4)

2021-09-01 20:06:26.651  INFO 68252 --- [           main] c.e.d.g.ContractVerifierTest             : Starting ContractVerifierTest using Java 1.8.0_301 on Eduardos-MacBook-Pro.local with PID 68252 (started by arcioneo in /Users/arcioneo/Downloads/demo)
2021-09-01 20:06:26.658  INFO 68252 --- [           main] c.e.d.g.ContractVerifierTest             : No active profile set, falling back to default profiles: default
2021-09-01 20:06:28.491  INFO 68252 --- [           main] o.s.b.w.embedded.tomcat.TomcatWebServer  : Tomcat initialized with port(s): 8082 (http)
2021-09-01 20:06:28.499  INFO 68252 --- [           main] o.apache.catalina.core.StandardService   : Starting service [Tomcat]
2021-09-01 20:06:28.499  INFO 68252 --- [           main] org.apache.catalina.core.StandardEngine  : Starting Servlet engine: [Apache Tomcat/9.0.44]
2021-09-01 20:06:28.591  INFO 68252 --- [           main] o.a.c.c.C.[Tomcat].[localhost].[/]       : Initializing Spring embedded WebApplicationContext
2021-09-01 20:06:28.591  INFO 68252 --- [           main] w.s.c.ServletWebServerApplicationContext : Root WebApplicationContext: initialization completed in 1479 ms
2021-09-01 20:06:29.383  INFO 68252 --- [           main] o.s.s.concurrent.ThreadPoolTaskExecutor  : Initializing ExecutorService 'applicationTaskExecutor'
2021-09-01 20:06:30.323  INFO 68252 --- [           main] o.s.b.w.embedded.tomcat.TomcatWebServer  : Tomcat started on port(s): 8082 (http) with context path ''
2021-09-01 20:06:30.347  INFO 68252 --- [           main] c.e.d.g.ContractVerifierTest             : Started ContractVerifierTest in 4.105 seconds (JVM running for 5.367)
]]></system-out>
  </testcase>
</testsuite>